This is pdfTeX, Version 3.14159265-2.6-1.40.17 (TeX Live 2016/Arch Linux) (preloaded format=pdflatex 2017.5.22)  13 AUG 2017 14:33
entering extended mode
 restricted \write18 enabled.
 %&-line parsing enabled.
**pgfkeys.tex
(./pgfkeys.tex
LaTeX2e <2017/01/01> patch level 3
Babel <3.9r> and hyphenation patterns for 83 language(s) loaded.
(/usr/share/texmf-dist/tex/latex/base/article.cls
Document Class: article 2014/09/29 v1.4h Standard LaTeX document class
(/usr/share/texmf-dist/tex/latex/base/size10.clo
File: size10.clo 2014/09/29 v1.4h Standard LaTeX file (size option)
)
\c@part=\count79
\c@section=\count80
\c@subsection=\count81
\c@subsubsection=\count82
\c@paragraph=\count83
\c@subparagraph=\count84
\c@figure=\count85
\c@table=\count86
\abovecaptionskip=\skip41
\belowcaptionskip=\skip42
\bibindent=\dimen102
)
(/usr/share/texmf-dist/tex/latex/pgf/utilities/pgfkeys.sty
(/usr/share/texmf-dist/tex/generic/pgf/utilities/pgfkeys.code.tex
\pgfkeys@pathtoks=\toks14
\pgfkeys@temptoks=\toks15

(/usr/share/texmf-dist/tex/generic/pgf/utilities/pgfkeysfiltered.code.tex
\pgfkeys@tmptoks=\toks16
)))
No file pgfkeys.aux.
\openout1 = `pgfkeys.aux'.

LaTeX Font Info:    Checking defaults for OML/cmm/m/it on input line 34.
LaTeX Font Info:    ... okay on input line 34.
LaTeX Font Info:    Checking defaults for T1/cmr/m/n on input line 34.
LaTeX Font Info:    ... okay on input line 34.
LaTeX Font Info:    Checking defaults for OT1/cmr/m/n on input line 34.
LaTeX Font Info:    ... okay on input line 34.
LaTeX Font Info:    Checking defaults for OMS/cmsy/m/n on input line 34.
LaTeX Font Info:    ... okay on input line 34.
LaTeX Font Info:    Checking defaults for OMX/cmex/m/n on input line 34.
LaTeX Font Info:    ... okay on input line 34.
LaTeX Font Info:    Checking defaults for U/cmr/m/n on input line 34.
LaTeX Font Info:    ... okay on input line 34.
LaTeX Font Info:    External font `cmex10' loaded for size
(Font)              <7> on input line 41.
LaTeX Font Info:    External font `cmex10' loaded for size
(Font)              <5> on input line 41.
[1

{/var/lib/texmf/fonts/map/pdftex/updmap/pdftex.map}] (./pgfkeys.aux) ) 
Here is how much of TeX's memory you used:
 642 strings out of 493013
 14417 string characters out of 6139317
 66168 words of memory out of 5000000
 4263 multiletter control sequences out of 15000+600000
 3640 words of font info for 14 fonts, out of 8000000 for 9000
 1141 hyphenation exceptions out of 8191
 33i,4n,38p,274b,107s stack positions out of 5000i,500n,10000p,200000b,80000s
</usr/sha
re/texmf-dist/fonts/type1/public/amsfonts/cm/cmr10.pfb>
Output written on pgfkeys.pdf (1 page, 14127 bytes).
PDF statistics:
 12 PDF objects out of 1000 (max. 8388607)
 7 compressed objects within 1 object stream
 0 named destinations out of 1000 (max. 500000)
 1 words of extra memory for PDF output out of 10000 (max. 10000000)

