\BOOKMARK [1][-]{section.1}{\376\377\000L\000a\000o\000\040\000P\000e\000o\000p\000l\000e\000'\000s\000\040\000D\000e\000m\000o\000c\000r\000a\000t\000i\000c\000\040\000R\000e\000p\000u\000b\000l\000i\000c\000\040\000\046\000\040\000S\000o\000u\000t\000h\000\040\000A\000f\000r\000i\000c\000a}{}% 1
\BOOKMARK [1][-]{section.2}{\376\377\000P\000r\000o\000v\000i\000d\000i\000n\000g\000\040\000h\000e\000a\000l\000t\000h\000\040\000c\000a\000r\000e\000\040\000i\000n\000\040\000r\000u\000r\000a\000l\000\040\000a\000n\000d\000\040\000r\000e\000m\000o\000t\000e\000\040\000a\000r\000e\000a\000s}{}% 2
\BOOKMARK [1][-]{section.3}{\376\377\000B\000a\000n\000g\000l\000a\000d\000e\000s\000h\000,\000\040\000B\000r\000a\000z\000i\000l\000,\000\040\000E\000t\000h\000i\000o\000p\000i\000a\000,\000\040\000I\000n\000d\000i\000a\000,\000\040\000I\000s\000l\000a\000m\000i\000c\000\040\000R\000e\000p\000u\000b\000l\000i\000c\000\040\000o\000f\000\040\000I\000r\000a\000n\000,\000\040\000P\000a\000k\000i\000s\000t\000a\000n\000\040\000\046\000\040\000T\000h\000a\000i\000l\000a\000n\000d}{}% 3
\BOOKMARK [1][-]{section.4}{\376\377\000O\000v\000e\000r\000c\000o\000m\000i\000n\000g\000\040\000o\000b\000s\000t\000a\000c\000l\000e\000s}{}% 4
\BOOKMARK [1][-]{section.5}{\376\377\000B\000r\000a\000z\000i\000l\000,\000\040\000G\000h\000a\000n\000a\000,\000\040\000M\000e\000x\000i\000c\000o\000\040\000\046\000\040\000T\000h\000a\000i\000l\000a\000n\000d}{}% 5
\BOOKMARK [1][-]{section.6}{\376\377\000A\000v\000a\000i\000l\000a\000b\000l\000e\000,\000\040\000a\000c\000c\000e\000s\000s\000i\000b\000l\000e\000,\000\040\000a\000c\000c\000e\000p\000t\000a\000b\000l\000e\000\040\000a\000n\000d\000\040\000h\000i\000g\000h\000-\000q\000u\000a\000l\000i\000t\000y}{}% 6
\BOOKMARK [1][-]{section.7}{\376\377\000C\000a\000m\000e\000r\000o\000o\000n}{}% 7
\BOOKMARK [1][-]{section.8}{\376\377\000A\000d\000d\000r\000e\000s\000s\000i\000n\000g\000\040\000t\000h\000e\000\040\000s\000h\000o\000r\000t\000f\000a\000l\000l}{}% 8
\BOOKMARK [1][-]{section.9}{\376\377\000S\000u\000d\000a\000n}{}% 9
\BOOKMARK [1][-]{section.10}{\376\377\000R\000e\000a\000c\000h\000i\000n\000g\000\040\000a\000l\000l\000\040\000s\000t\000a\000k\000e\000h\000o\000l\000d\000e\000r\000s}{}% 10
\BOOKMARK [1][-]{section.11}{\376\377\000T\000h\000a\000i\000l\000a\000n\000d}{}% 11
\BOOKMARK [1][-]{section.12}{\376\377\000I\000m\000p\000r\000o\000v\000i\000n\000g\000\040\000m\000a\000t\000t\000e\000r\000s\000\040\000q\000u\000i\000c\000k\000l\000y}{}% 12
\BOOKMARK [1][-]{section.13}{\376\377\000G\000l\000o\000b\000a\000l}{}% 13
\BOOKMARK [1][-]{section.14}{\376\377\000H\000o\000w\000\040\000m\000u\000c\000h\000\040\000d\000o\000\040\000d\000o\000c\000t\000o\000r\000s\000\040\000c\000o\000s\000t\000?}{}% 14
\BOOKMARK [1][-]{section.15}{\376\377\000S\000t\000i\000c\000k\000i\000n\000g\000\040\000t\000o\000\040\000t\000h\000e\000\040\000c\000o\000d\000e}{}% 15
\BOOKMARK [1][-]{section.16}{\376\377\000W\000h\000o\000\040\000d\000e\000l\000i\000v\000e\000r\000s\000\040\000b\000e\000t\000t\000e\000r\000\040\000c\000a\000r\000e\000?}{}% 16
\BOOKMARK [1][-]{section.17}{\376\377\000A\000n\000a\000l\000y\000s\000i\000n\000g\000\040\000t\000h\000e\000\040\000m\000a\000r\000k\000e\000t}{}% 17
\BOOKMARK [1][-]{section.18}{\376\377\000D\000e\000b\000a\000t\000i\000n\000g\000\040\000t\000h\000e\000\040\000m\000e\000a\000s\000u\000r\000e\000s}{}% 18
\BOOKMARK [1][-]{section.19}{\376\377\0004\000\040\000m\000i\000l\000l\000i\000o\000n\000\040\000m\000i\000s\000s\000i\000n\000g}{}% 19
\BOOKMARK [1][-]{section.20}{\376\377\000C\000o\000v\000e\000r\000i\000n\000g\000\040\000a\000l\000l\000\040\000b\000a\000s\000e\000s}{}% 20
\BOOKMARK [1][-]{section.21}{\376\377\000R\000e\000t\000h\000i\000n\000k\000i\000n\000g\000\040\000t\000h\000e\000\040\000h\000e\000a\000l\000t\000h\000\040\000s\000y\000s\000t\000e\000m}{}% 21
